# JRE version: OpenJDK Runtime Environment Temurin-17.0.7+7 (17.0.7+7) (build 17.0.7+7)
# Java VM: OpenJDK 64-Bit Server VM Temurin-17.0.7+7 (17.0.7+7, mixed mode, tiered, compressed oops, compressed class ptrs, g1 gc, windows-amd64)
GC Precious Log:
 CPUs: 16 total, 16 available
 Memory: 11597M
 Large Page Support: Disabled
 NUMA Support: Disabled
 Compressed Oops: Enabled (Zero based)
 Heap Region Size: 2M
 Heap Min Capacity: 8M
 Heap Initial Capacity: 182M
 Heap Max Capacity: 2900M
 Pre-touch: Disabled
 Parallel Workers: 13
 Concurrent Workers: 3
 Concurrent Refinement Workers: 13
 Periodic GC: Disabled
Heap:
 garbage-first heap   total 391168K, used 117438K [0x000000074ac00000, 0x0000000800000000)
  region size 2048K, 1 young (2048K), 1 survivors (2048K)
 Metaspace       used 15590K, committed 15808K, reserved 1114112K
  class space    used 1560K, committed 1664K, reserved 1048576K
GC Heap History (20 events):
Event: 2.148 GC heap after
{Heap after GC invocations=1 (full 0):
 garbage-first heap   total 186368K, used 2679K [0x000000074ac00000, 0x0000000800000000)
  region size 2048K, 2 young (4096K), 2 survivors (4096K)
 Metaspace       used 15458K, committed 15680K, reserved 1114112K
  class space    used 1560K, committed 1664K, reserved 1048576K
}
Event: 3.702 GC heap before
{Heap before GC invocations=1 (full 0):
 garbage-first heap   total 186368K, used 39543K [0x000000074ac00000, 0x0000000800000000)
  region size 2048K, 20 young (40960K), 2 survivors (4096K)
 Metaspace       used 15557K, committed 15744K, reserved 1114112K
  class space    used 1560K, committed 1664K, reserved 1048576K
}
Event: 3.706 GC heap after
{Heap after GC invocations=2 (full 0):
 garbage-first heap   total 186368K, used 3002K [0x000000074ac00000, 0x0000000800000000)
  region size 2048K, 2 young (4096K), 2 survivors (4096K)
 Metaspace       used 15557K, committed 15744K, reserved 1114112K
  class space    used 1560K, committed 1664K, reserved 1048576K
}
Event: 3.792 GC heap before
{Heap before GC invocations=2 (full 0):
 garbage-first heap   total 186368K, used 115642K [0x000000074ac00000, 0x0000000800000000)
  region size 2048K, 54 young (110592K), 2 survivors (4096K)
 Metaspace       used 15560K, committed 15744K, reserved 1114112K
  class space    used 1560K, committed 1664K, reserved 1048576K
}
Event: 3.796 GC heap after
{Heap after GC invocations=3 (full 0):
 garbage-first heap   total 186368K, used 8996K [0x000000074ac00000, 0x0000000800000000)
  region size 2048K, 2 young (4096K), 2 survivors (4096K)
 Metaspace       used 15560K, committed 15744K, reserved 1114112K
  class space    used 1560K, committed 1664K, reserved 1048576K
}
Event: 3.874 GC heap before
{Heap before GC invocations=3 (full 0):
 garbage-first heap   total 186368K, used 125732K [0x000000074ac00000, 0x0000000800000000)
  region size 2048K, 54 young (110592K), 2 survivors (4096K)
 Metaspace       used 15565K, committed 15744K, reserved 1114112K
  class space    used 1560K, committed 1664K, reserved 1048576K
}
Event: 3.882 GC heap after
{Heap after GC invocations=4 (full 0):
 garbage-first heap   total 186368K, used 19313K [0x000000074ac00000, 0x0000000800000000)
  region size 2048K, 2 young (4096K), 2 survivors (4096K)
 Metaspace       used 15565K, committed 15744K, reserved 1114112K
  class space    used 1560K, committed 1664K, reserved 1048576K
}
Event: 3.927 GC heap before
{Heap before GC invocations=4 (full 0):
 garbage-first heap   total 186368K, used 134001K [0x000000074ac00000, 0x0000000800000000)
  region size 2048K, 54 young (110592K), 2 survivors (4096K)
 Metaspace       used 15581K, committed 15744K, reserved 1114112K
  class space    used 1560K, committed 1664K, reserved 1048576K
}
Event: 3.938 GC heap after
{Heap after GC invocations=5 (full 0):
 garbage-first heap   total 186368K, used 27468K [0x000000074ac00000, 0x0000000800000000)
  region size 2048K, 2 young (4096K), 2 survivors (4096K)
 Metaspace       used 15581K, committed 15744K, reserved 1114112K
  class space    used 1560K, committed 1664K, reserved 1048576K
}
Event: 3.986 GC heap before
{Heap before GC invocations=5 (full 0):
 garbage-first heap   total 186368K, used 146252K [0x000000074ac00000, 0x0000000800000000)
  region size 2048K, 54 young (110592K), 2 survivors (4096K)
 Metaspace       used 15582K, committed 15744K, reserved 1114112K
  class space    used 1560K, committed 1664K, reserved 1048576K
}
Event: 4.001 GC heap after
{Heap after GC invocations=6 (full 0):
 garbage-first heap   total 186368K, used 39716K [0x000000074ac00000, 0x0000000800000000)
  region size 2048K, 2 young (4096K), 2 survivors (4096K)
 Metaspace       used 15582K, committed 15744K, reserved 1114112K
  class space    used 1560K, committed 1664K, reserved 1048576K
}
Event: 4.044 GC heap before
{Heap before GC invocations=6 (full 0):
 garbage-first heap   total 186368K, used 146212K [0x000000074ac00000, 0x0000000800000000)
  region size 2048K, 54 young (110592K), 2 survivors (4096K)
 Metaspace       used 15585K, committed 15744K, reserved 1114112K
  class space    used 1560K, committed 1664K, reserved 1048576K
}
Event: 4.060 GC heap after
{Heap after GC invocations=7 (full 0):
 garbage-first heap   total 391168K, used 39794K [0x000000074ac00000, 0x0000000800000000)
  region size 2048K, 2 young (4096K), 2 survivors (4096K)
 Metaspace       used 15585K, committed 15744K, reserved 1114112K
  class space    used 1560K, committed 1664K, reserved 1048576K
}
Event: 4.209 GC heap before
{Heap before GC invocations=7 (full 0):
 garbage-first heap   total 391168K, used 285554K [0x000000074ac00000, 0x0000000800000000)
  region size 2048K, 114 young (233472K), 2 survivors (4096K)
 Metaspace       used 15586K, committed 15744K, reserved 1114112K
  class space    used 1560K, committed 1664K, reserved 1048576K
}
Event: 4.230 GC heap after
{Heap after GC invocations=8 (full 0):
 garbage-first heap   total 391168K, used 56181K [0x000000074ac00000, 0x0000000800000000)
  region size 2048K, 2 young (4096K), 2 survivors (4096K)
 Metaspace       used 15586K, committed 15744K, reserved 1114112K
  class space    used 1560K, committed 1664K, reserved 1048576K
}
Event: 4.336 GC heap before
{Heap before GC invocations=8 (full 0):
 garbage-first heap   total 391168K, used 310133K [0x000000074ac00000, 0x0000000800000000)
  region size 2048K, 114 young (233472K), 2 survivors (4096K)
 Metaspace       used 15588K, committed 15744K, reserved 1114112K
  class space    used 1560K, committed 1664K, reserved 1048576K
}
Event: 4.367 GC heap after
{Heap after GC invocations=9 (full 0):
 garbage-first heap   total 391168K, used 80801K [0x000000074ac00000, 0x0000000800000000)
  region size 2048K, 2 young (4096K), 2 survivors (4096K)
 Metaspace       used 15588K, committed 15744K, reserved 1114112K
  class space    used 1560K, committed 1664K, reserved 1048576K
}
Event: 4.377 GC heap before
{Heap before GC invocations=9 (full 0):
 garbage-first heap   total 391168K, used 95137K [0x000000074ac00000, 0x0000000800000000)
  region size 2048K, 9 young (18432K), 2 survivors (4096K)
 Metaspace       used 15589K, committed 15744K, reserved 1114112K
  class space    used 1560K, committed 1664K, reserved 1048576K
}
Event: 4.406 GC heap after
{Heap after GC invocations=10 (full 0):
 garbage-first heap   total 391168K, used 80804K [0x000000074ac00000, 0x0000000800000000)
  region size 2048K, 1 young (2048K), 1 survivors (2048K)
 Metaspace       used 15589K, committed 15744K, reserved 1114112K
  class space    used 1560K, committed 1664K, reserved 1048576K
}
Event: 4.518 GC heap before
{Heap before GC invocations=10 (full 0):
 garbage-first heap   total 391168K, used 349092K [0x000000074ac00000, 0x0000000800000000)
  region size 2048K, 114 young (233472K), 1 survivors (2048K)
 Metaspace       used 15590K, committed 15808K, reserved 1114112K
  class space    used 1560K, committed 1664K, reserved 1048576K
}

