# JRE version: OpenJDK Runtime Environment Temurin-17.0.7+7 (17.0.7+7) (build 17.0.7+7)
# Java VM: OpenJDK 64-Bit Server VM Temurin-17.0.7+7 (17.0.7+7, mixed mode, tiered, compressed oops, compressed class ptrs, g1 gc, windows-amd64)
GC Precious Log:
 CPUs: 16 total, 16 available
 Memory: 11597M
 Large Page Support: Disabled
 NUMA Support: Disabled
 Compressed Oops: Enabled (Zero based)
 Heap Region Size: 2M
 Heap Min Capacity: 8M
 Heap Initial Capacity: 182M
 Heap Max Capacity: 2900M
 Pre-touch: Disabled
 Parallel Workers: 13
 Concurrent Workers: 3
 Concurrent Refinement Workers: 13
 Periodic GC: Disabled
Heap:
 garbage-first heap   total 675840K, used 117480K [0x000000074ac00000, 0x0000000800000000)
  region size 2048K, 2 young (4096K), 2 survivors (4096K)
 Metaspace       used 15544K, committed 15744K, reserved 1114112K
  class space    used 1561K, committed 1664K, reserved 1048576K
GC Heap History (20 events):
Event: 2.073 GC heap after
{Heap after GC invocations=4 (full 0):
 garbage-first heap   total 186368K, used 12956K [0x000000074ac00000, 0x0000000800000000)
  region size 2048K, 2 young (4096K), 2 survivors (4096K)
 Metaspace       used 15466K, committed 15680K, reserved 1114112K
  class space    used 1561K, committed 1664K, reserved 1048576K
}
Event: 2.122 GC heap before
{Heap before GC invocations=4 (full 0):
 garbage-first heap   total 186368K, used 125596K [0x000000074ac00000, 0x0000000800000000)
  region size 2048K, 54 young (110592K), 2 survivors (4096K)
 Metaspace       used 15472K, committed 15680K, reserved 1114112K
  class space    used 1561K, committed 1664K, reserved 1048576K
}
Event: 2.130 GC heap after
{Heap after GC invocations=5 (full 0):
 garbage-first heap   total 186368K, used 19178K [0x000000074ac00000, 0x0000000800000000)
  region size 2048K, 2 young (4096K), 2 survivors (4096K)
 Metaspace       used 15472K, committed 15680K, reserved 1114112K
  class space    used 1561K, committed 1664K, reserved 1048576K
}
Event: 2.180 GC heap before
{Heap before GC invocations=5 (full 0):
 garbage-first heap   total 186368K, used 125674K [0x000000074ac00000, 0x0000000800000000)
  region size 2048K, 54 young (110592K), 2 survivors (4096K)
 Metaspace       used 15479K, committed 15680K, reserved 1114112K
  class space    used 1561K, committed 1664K, reserved 1048576K
}
Event: 2.190 GC heap after
{Heap after GC invocations=6 (full 0):
 garbage-first heap   total 337920K, used 19103K [0x000000074ac00000, 0x0000000800000000)
  region size 2048K, 2 young (4096K), 2 survivors (4096K)
 Metaspace       used 15479K, committed 15680K, reserved 1114112K
  class space    used 1561K, committed 1664K, reserved 1048576K
}
Event: 2.341 GC heap before
{Heap before GC invocations=6 (full 0):
 garbage-first heap   total 337920K, used 225951K [0x000000074ac00000, 0x0000000800000000)
  region size 2048K, 99 young (202752K), 2 survivors (4096K)
 Metaspace       used 15492K, committed 15680K, reserved 1114112K
  class space    used 1561K, committed 1664K, reserved 1048576K
}
Event: 2.353 GC heap after
{Heap after GC invocations=7 (full 0):
 garbage-first heap   total 337920K, used 27268K [0x000000074ac00000, 0x0000000800000000)
  region size 2048K, 2 young (4096K), 2 survivors (4096K)
 Metaspace       used 15492K, committed 15680K, reserved 1114112K
  class space    used 1561K, committed 1664K, reserved 1048576K
}
Event: 2.451 GC heap before
{Heap before GC invocations=7 (full 0):
 garbage-first heap   total 337920K, used 238212K [0x000000074ac00000, 0x0000000800000000)
  region size 2048K, 99 young (202752K), 2 survivors (4096K)
 Metaspace       used 15499K, committed 15680K, reserved 1114112K
  class space    used 1561K, committed 1664K, reserved 1048576K
}
Event: 2.469 GC heap after
{Heap after GC invocations=8 (full 0):
 garbage-first heap   total 337920K, used 39665K [0x000000074ac00000, 0x0000000800000000)
  region size 2048K, 2 young (4096K), 2 survivors (4096K)
 Metaspace       used 15499K, committed 15680K, reserved 1114112K
  class space    used 1561K, committed 1664K, reserved 1048576K
}
Event: 2.577 GC heap before
{Heap before GC invocations=8 (full 0):
 garbage-first heap   total 337920K, used 238321K [0x000000074ac00000, 0x0000000800000000)
  region size 2048K, 99 young (202752K), 2 survivors (4096K)
 Metaspace       used 15503K, committed 15680K, reserved 1114112K
  class space    used 1561K, committed 1664K, reserved 1048576K
}
Event: 2.595 GC heap after
{Heap after GC invocations=9 (full 0):
 garbage-first heap   total 337920K, used 39600K [0x000000074ac00000, 0x0000000800000000)
  region size 2048K, 2 young (4096K), 2 survivors (4096K)
 Metaspace       used 15503K, committed 15680K, reserved 1114112K
  class space    used 1561K, committed 1664K, reserved 1048576K
}
Event: 2.688 GC heap before
{Heap before GC invocations=9 (full 0):
 garbage-first heap   total 337920K, used 254640K [0x000000074ac00000, 0x0000000800000000)
  region size 2048K, 99 young (202752K), 2 survivors (4096K)
 Metaspace       used 15505K, committed 15744K, reserved 1114112K
  class space    used 1561K, committed 1664K, reserved 1048576K
}
Event: 2.733 GC heap after
{Heap after GC invocations=10 (full 0):
 garbage-first heap   total 675840K, used 55975K [0x000000074ac00000, 0x0000000800000000)
  region size 2048K, 2 young (4096K), 2 survivors (4096K)
 Metaspace       used 15505K, committed 15744K, reserved 1114112K
  class space    used 1561K, committed 1664K, reserved 1048576K
}
Event: 3.051 GC heap before
{Heap before GC invocations=10 (full 0):
 garbage-first heap   total 675840K, used 481959K [0x000000074ac00000, 0x0000000800000000)
  region size 2048K, 198 young (405504K), 2 survivors (4096K)
 Metaspace       used 15523K, committed 15744K, reserved 1114112K
  class space    used 1561K, committed 1664K, reserved 1048576K
}
Event: 3.081 GC heap after
{Heap after GC invocations=11 (full 0):
 garbage-first heap   total 675840K, used 80616K [0x000000074ac00000, 0x0000000800000000)
  region size 2048K, 2 young (4096K), 2 survivors (4096K)
 Metaspace       used 15523K, committed 15744K, reserved 1114112K
  class space    used 1561K, committed 1664K, reserved 1048576K
}
Event: 3.243 GC heap before
{Heap before GC invocations=11 (full 0):
 garbage-first heap   total 675840K, used 482024K [0x000000074ac00000, 0x0000000800000000)
  region size 2048K, 198 young (405504K), 2 survivors (4096K)
 Metaspace       used 15533K, committed 15744K, reserved 1114112K
  class space    used 1561K, committed 1664K, reserved 1048576K
}
Event: 3.272 GC heap after
{Heap after GC invocations=12 (full 0):
 garbage-first heap   total 675840K, used 80568K [0x000000074ac00000, 0x0000000800000000)
  region size 2048K, 2 young (4096K), 2 survivors (4096K)
 Metaspace       used 15533K, committed 15744K, reserved 1114112K
  class space    used 1561K, committed 1664K, reserved 1048576K
}
Event: 3.449 GC heap before
{Heap before GC invocations=12 (full 0):
 garbage-first heap   total 675840K, used 518840K [0x000000074ac00000, 0x0000000800000000)
  region size 2048K, 198 young (405504K), 2 survivors (4096K)
 Metaspace       used 15538K, committed 15744K, reserved 1114112K
  class space    used 1561K, committed 1664K, reserved 1048576K
}
Event: 3.493 GC heap after
{Heap after GC invocations=13 (full 0):
 garbage-first heap   total 675840K, used 117494K [0x000000074ac00000, 0x0000000800000000)
  region size 2048K, 2 young (4096K), 2 survivors (4096K)
 Metaspace       used 15538K, committed 15744K, reserved 1114112K
  class space    used 1561K, committed 1664K, reserved 1048576K
}
Event: 3.654 GC heap before
{Heap before GC invocations=13 (full 0):
 garbage-first heap   total 675840K, used 518902K [0x000000074ac00000, 0x0000000800000000)
  region size 2048K, 198 young (405504K), 2 survivors (4096K)
 Metaspace       used 15544K, committed 15744K, reserved 1114112K
  class space    used 1561K, committed 1664K, reserved 1048576K
}

