# JRE version: OpenJDK Runtime Environment Temurin-17.0.7+7 (17.0.7+7) (build 17.0.7+7)
# Java VM: OpenJDK 64-Bit Server VM Temurin-17.0.7+7 (17.0.7+7, mixed mode, tiered, compressed oops, compressed class ptrs, g1 gc, windows-amd64)
GC Precious Log:
 CPUs: 16 total, 16 available
 Memory: 11597M
 Large Page Support: Disabled
 NUMA Support: Disabled
 Compressed Oops: Enabled (Zero based)
 Heap Region Size: 2M
 Heap Min Capacity: 8M
 Heap Initial Capacity: 182M
 Heap Max Capacity: 2900M
 Pre-touch: Disabled
 Parallel Workers: 13
 Concurrent Workers: 3
 Concurrent Refinement Workers: 13
 Periodic GC: Disabled
Heap:
 garbage-first heap   total 784384K, used 117435K [0x000000074ac00000, 0x0000000800000000)
  region size 2048K, 2 young (4096K), 2 survivors (4096K)
 Metaspace       used 15658K, committed 15872K, reserved 1114112K
  class space    used 1560K, committed 1664K, reserved 1048576K
GC Heap History (20 events):
Event: 3.543 GC heap after
{Heap after GC invocations=5 (full 0):
 garbage-first heap   total 186368K, used 19104K [0x000000074ac00000, 0x0000000800000000)
  region size 2048K, 2 young (4096K), 2 survivors (4096K)
 Metaspace       used 15551K, committed 15744K, reserved 1114112K
  class space    used 1560K, committed 1664K, reserved 1048576K
}
Event: 3.583 GC heap before
{Heap before GC invocations=5 (full 0):
 garbage-first heap   total 186368K, used 125600K [0x000000074ac00000, 0x0000000800000000)
  region size 2048K, 54 young (110592K), 2 survivors (4096K)
 Metaspace       used 15557K, committed 15744K, reserved 1114112K
  class space    used 1560K, committed 1664K, reserved 1048576K
}
Event: 3.591 GC heap after
{Heap after GC invocations=6 (full 0):
 garbage-first heap   total 186368K, used 19093K [0x000000074ac00000, 0x0000000800000000)
  region size 2048K, 2 young (4096K), 2 survivors (4096K)
 Metaspace       used 15557K, committed 15744K, reserved 1114112K
  class space    used 1560K, committed 1664K, reserved 1048576K
}
Event: 3.635 GC heap before
{Heap before GC invocations=6 (full 0):
 garbage-first heap   total 186368K, used 133781K [0x000000074ac00000, 0x0000000800000000)
  region size 2048K, 54 young (110592K), 2 survivors (4096K)
 Metaspace       used 15558K, committed 15744K, reserved 1114112K
  class space    used 1560K, committed 1664K, reserved 1048576K
}
Event: 3.646 GC heap after
{Heap after GC invocations=7 (full 0):
 garbage-first heap   total 372736K, used 27372K [0x000000074ac00000, 0x0000000800000000)
  region size 2048K, 2 young (4096K), 2 survivors (4096K)
 Metaspace       used 15558K, committed 15744K, reserved 1114112K
  class space    used 1560K, committed 1664K, reserved 1048576K
}
Event: 3.811 GC heap before
{Heap before GC invocations=7 (full 0):
 garbage-first heap   total 372736K, used 258796K [0x000000074ac00000, 0x0000000800000000)
  region size 2048K, 109 young (223232K), 2 survivors (4096K)
 Metaspace       used 15560K, committed 15744K, reserved 1114112K
  class space    used 1560K, committed 1664K, reserved 1048576K
}
Event: 3.826 GC heap after
{Heap after GC invocations=8 (full 0):
 garbage-first heap   total 372736K, used 39687K [0x000000074ac00000, 0x0000000800000000)
  region size 2048K, 2 young (4096K), 2 survivors (4096K)
 Metaspace       used 15560K, committed 15744K, reserved 1114112K
  class space    used 1560K, committed 1664K, reserved 1048576K
}
Event: 3.913 GC heap before
{Heap before GC invocations=8 (full 0):
 garbage-first heap   total 372736K, used 258823K [0x000000074ac00000, 0x0000000800000000)
  region size 2048K, 109 young (223232K), 2 survivors (4096K)
 Metaspace       used 15564K, committed 15744K, reserved 1114112K
  class space    used 1560K, committed 1664K, reserved 1048576K
}
Event: 3.927 GC heap after
{Heap after GC invocations=9 (full 0):
 garbage-first heap   total 372736K, used 39678K [0x000000074ac00000, 0x0000000800000000)
  region size 2048K, 2 young (4096K), 2 survivors (4096K)
 Metaspace       used 15564K, committed 15744K, reserved 1114112K
  class space    used 1560K, committed 1664K, reserved 1048576K
}
Event: 4.029 GC heap before
{Heap before GC invocations=9 (full 0):
 garbage-first heap   total 372736K, used 275198K [0x000000074ac00000, 0x0000000800000000)
  region size 2048K, 109 young (223232K), 2 survivors (4096K)
 Metaspace       used 15582K, committed 15744K, reserved 1114112K
  class space    used 1560K, committed 1664K, reserved 1048576K
}
Event: 4.052 GC heap after
{Heap after GC invocations=10 (full 0):
 garbage-first heap   total 372736K, used 56077K [0x000000074ac00000, 0x0000000800000000)
  region size 2048K, 2 young (4096K), 2 survivors (4096K)
 Metaspace       used 15582K, committed 15744K, reserved 1114112K
  class space    used 1560K, committed 1664K, reserved 1048576K
}
Event: 4.140 GC heap before
{Heap before GC invocations=10 (full 0):
 garbage-first heap   total 372736K, used 275213K [0x000000074ac00000, 0x0000000800000000)
  region size 2048K, 109 young (223232K), 2 survivors (4096K)
 Metaspace       used 15584K, committed 15744K, reserved 1114112K
  class space    used 1560K, committed 1664K, reserved 1048576K
}
Event: 4.184 GC heap after
{Heap after GC invocations=11 (full 0):
 garbage-first heap   total 784384K, used 56042K [0x000000074ac00000, 0x0000000800000000)
  region size 2048K, 2 young (4096K), 2 survivors (4096K)
 Metaspace       used 15584K, committed 15744K, reserved 1114112K
  class space    used 1560K, committed 1664K, reserved 1048576K
}
Event: 4.564 GC heap before
{Heap before GC invocations=11 (full 0):
 garbage-first heap   total 784384K, used 545514K [0x000000074ac00000, 0x0000000800000000)
  region size 2048K, 229 young (468992K), 2 survivors (4096K)
 Metaspace       used 15588K, committed 15744K, reserved 1114112K
  class space    used 1560K, committed 1664K, reserved 1048576K
}
Event: 4.593 GC heap after
{Heap after GC invocations=12 (full 0):
 garbage-first heap   total 784384K, used 80671K [0x000000074ac00000, 0x0000000800000000)
  region size 2048K, 2 young (4096K), 2 survivors (4096K)
 Metaspace       used 15588K, committed 15744K, reserved 1114112K
  class space    used 1560K, committed 1664K, reserved 1048576K
}
Event: 4.776 GC heap before
{Heap before GC invocations=12 (full 0):
 garbage-first heap   total 784384K, used 545567K [0x000000074ac00000, 0x0000000800000000)
  region size 2048K, 229 young (468992K), 2 survivors (4096K)
 Metaspace       used 15642K, committed 15808K, reserved 1114112K
  class space    used 1560K, committed 1664K, reserved 1048576K
}
Event: 4.807 GC heap after
{Heap after GC invocations=13 (full 0):
 garbage-first heap   total 784384K, used 80575K [0x000000074ac00000, 0x0000000800000000)
  region size 2048K, 2 young (4096K), 2 survivors (4096K)
 Metaspace       used 15642K, committed 15808K, reserved 1114112K
  class space    used 1560K, committed 1664K, reserved 1048576K
}
Event: 5.012 GC heap before
{Heap before GC invocations=13 (full 0):
 garbage-first heap   total 784384K, used 582335K [0x000000074ac00000, 0x0000000800000000)
  region size 2048K, 229 young (468992K), 2 survivors (4096K)
 Metaspace       used 15644K, committed 15808K, reserved 1114112K
  class space    used 1560K, committed 1664K, reserved 1048576K
}
Event: 5.058 GC heap after
{Heap after GC invocations=14 (full 0):
 garbage-first heap   total 784384K, used 117380K [0x000000074ac00000, 0x0000000800000000)
  region size 2048K, 2 young (4096K), 2 survivors (4096K)
 Metaspace       used 15644K, committed 15808K, reserved 1114112K
  class space    used 1560K, committed 1664K, reserved 1048576K
}
Event: 5.251 GC heap before
{Heap before GC invocations=14 (full 0):
 garbage-first heap   total 784384K, used 582276K [0x000000074ac00000, 0x0000000800000000)
  region size 2048K, 229 young (468992K), 2 survivors (4096K)
 Metaspace       used 15658K, committed 15872K, reserved 1114112K
  class space    used 1560K, committed 1664K, reserved 1048576K
}

