# JRE version: OpenJDK Runtime Environment Temurin-17.0.7+7 (17.0.7+7) (build 17.0.7+7)
# Java VM: OpenJDK 64-Bit Server VM Temurin-17.0.7+7 (17.0.7+7, mixed mode, tiered, compressed oops, compressed class ptrs, g1 gc, windows-amd64)
GC Precious Log:
 CPUs: 16 total, 16 available
 Memory: 11597M
 Large Page Support: Disabled
 NUMA Support: Disabled
 Compressed Oops: Enabled (Zero based)
 Heap Region Size: 2M
 Heap Min Capacity: 8M
 Heap Initial Capacity: 182M
 Heap Max Capacity: 2900M
 Pre-touch: Disabled
 Parallel Workers: 13
 Concurrent Workers: 3
 Concurrent Refinement Workers: 13
 Periodic GC: Disabled
Heap:
 garbage-first heap   total 1222656K, used 1055748K [0x000000074ac00000, 0x0000000800000000)
  region size 2048K, 215 young (440320K), 1 survivors (2048K)
 Metaspace       used 15946K, committed 16128K, reserved 1114112K
  class space    used 1560K, committed 1664K, reserved 1048576K
GC Heap History (20 events):
Event: 15.091 GC heap before
{Heap before GC invocations=57 (full 0):
 garbage-first heap   total 1222656K, used 1094651K [0x000000074ac00000, 0x0000000800000000)
  region size 2048K, 32 young (65536K), 1 survivors (2048K)
 Metaspace       used 15847K, committed 16000K, reserved 1114112K
  class space    used 1560K, committed 1664K, reserved 1048576K
}
Event: 15.093 GC heap after
{Heap after GC invocations=58 (full 0):
 garbage-first heap   total 1222656K, used 1031167K [0x000000074ac00000, 0x0000000800000000)
  region size 2048K, 1 young (2048K), 1 survivors (2048K)
 Metaspace       used 15847K, committed 16000K, reserved 1114112K
  class space    used 1560K, committed 1664K, reserved 1048576K
}
Event: 15.140 GC heap before
{Heap before GC invocations=58 (full 0):
 garbage-first heap   total 1222656K, used 1094655K [0x000000074ac00000, 0x0000000800000000)
  region size 2048K, 32 young (65536K), 1 survivors (2048K)
 Metaspace       used 15847K, committed 16000K, reserved 1114112K
  class space    used 1560K, committed 1664K, reserved 1048576K
}
Event: 15.142 GC heap after
{Heap after GC invocations=59 (full 0):
 garbage-first heap   total 1222656K, used 1031163K [0x000000074ac00000, 0x0000000800000000)
  region size 2048K, 1 young (2048K), 1 survivors (2048K)
 Metaspace       used 15847K, committed 16000K, reserved 1114112K
  class space    used 1560K, committed 1664K, reserved 1048576K
}
Event: 15.187 GC heap before
{Heap before GC invocations=59 (full 0):
 garbage-first heap   total 1222656K, used 1094651K [0x000000074ac00000, 0x0000000800000000)
  region size 2048K, 32 young (65536K), 1 survivors (2048K)
 Metaspace       used 15847K, committed 16000K, reserved 1114112K
  class space    used 1560K, committed 1664K, reserved 1048576K
}
Event: 15.189 GC heap after
{Heap after GC invocations=60 (full 0):
 garbage-first heap   total 1222656K, used 1031169K [0x000000074ac00000, 0x0000000800000000)
  region size 2048K, 1 young (2048K), 1 survivors (2048K)
 Metaspace       used 15847K, committed 16000K, reserved 1114112K
  class space    used 1560K, committed 1664K, reserved 1048576K
}
Event: 15.237 GC heap before
{Heap before GC invocations=60 (full 0):
 garbage-first heap   total 1222656K, used 1094657K [0x000000074ac00000, 0x0000000800000000)
  region size 2048K, 32 young (65536K), 1 survivors (2048K)
 Metaspace       used 15847K, committed 16000K, reserved 1114112K
  class space    used 1560K, committed 1664K, reserved 1048576K
}
Event: 15.238 GC heap after
{Heap after GC invocations=61 (full 0):
 garbage-first heap   total 1222656K, used 1031171K [0x000000074ac00000, 0x0000000800000000)
  region size 2048K, 1 young (2048K), 1 survivors (2048K)
 Metaspace       used 15847K, committed 16000K, reserved 1114112K
  class space    used 1560K, committed 1664K, reserved 1048576K
}
Event: 15.286 GC heap before
{Heap before GC invocations=61 (full 0):
 garbage-first heap   total 1222656K, used 683011K [0x000000074ac00000, 0x0000000800000000)
  region size 2048K, 32 young (65536K), 1 survivors (2048K)
 Metaspace       used 15847K, committed 16000K, reserved 1114112K
  class space    used 1560K, committed 1664K, reserved 1048576K
}
Event: 15.288 GC heap after
{Heap after GC invocations=62 (full 0):
 garbage-first heap   total 1222656K, used 619523K [0x000000074ac00000, 0x0000000800000000)
  region size 2048K, 1 young (2048K), 1 survivors (2048K)
 Metaspace       used 15847K, committed 16000K, reserved 1114112K
  class space    used 1560K, committed 1664K, reserved 1048576K
}
Event: 15.548 GC heap before
{Heap before GC invocations=63 (full 0):
 garbage-first heap   total 1222656K, used 1094659K [0x000000074ac00000, 0x0000000800000000)
  region size 2048K, 233 young (477184K), 1 survivors (2048K)
 Metaspace       used 15849K, committed 16000K, reserved 1114112K
  class space    used 1560K, committed 1664K, reserved 1048576K
}
Event: 15.552 GC heap after
{Heap after GC invocations=64 (full 0):
 garbage-first heap   total 1222656K, used 619527K [0x000000074ac00000, 0x0000000800000000)
  region size 2048K, 1 young (2048K), 1 survivors (2048K)
 Metaspace       used 15849K, committed 16000K, reserved 1114112K
  class space    used 1560K, committed 1664K, reserved 1048576K
}
Event: 15.773 GC heap before
{Heap before GC invocations=64 (full 0):
 garbage-first heap   total 1222656K, used 1094663K [0x000000074ac00000, 0x0000000800000000)
  region size 2048K, 233 young (477184K), 1 survivors (2048K)
 Metaspace       used 15849K, committed 16000K, reserved 1114112K
  class space    used 1560K, committed 1664K, reserved 1048576K
}
Event: 15.778 GC heap after
{Heap after GC invocations=65 (full 0):
 garbage-first heap   total 1222656K, used 619532K [0x000000074ac00000, 0x0000000800000000)
  region size 2048K, 1 young (2048K), 1 survivors (2048K)
 Metaspace       used 15849K, committed 16000K, reserved 1114112K
  class space    used 1560K, committed 1664K, reserved 1048576K
}
Event: 16.154 GC heap before
{Heap before GC invocations=65 (full 0):
 garbage-first heap   total 1222656K, used 1094668K [0x000000074ac00000, 0x0000000800000000)
  region size 2048K, 233 young (477184K), 1 survivors (2048K)
 Metaspace       used 15940K, committed 16128K, reserved 1114112K
  class space    used 1560K, committed 1664K, reserved 1048576K
}
Event: 16.158 GC heap after
{Heap after GC invocations=66 (full 0):
 garbage-first heap   total 1222656K, used 619528K [0x000000074ac00000, 0x0000000800000000)
  region size 2048K, 1 young (2048K), 1 survivors (2048K)
 Metaspace       used 15940K, committed 16128K, reserved 1114112K
  class space    used 1560K, committed 1664K, reserved 1048576K
}
Event: 16.439 GC heap before
{Heap before GC invocations=67 (full 0):
 garbage-first heap   total 1222656K, used 1094664K [0x000000074ac00000, 0x0000000800000000)
  region size 2048K, 233 young (477184K), 1 survivors (2048K)
 Metaspace       used 15940K, committed 16128K, reserved 1114112K
  class space    used 1560K, committed 1664K, reserved 1048576K
}
Event: 16.445 GC heap after
{Heap after GC invocations=68 (full 0):
 garbage-first heap   total 1222656K, used 619526K [0x000000074ac00000, 0x0000000800000000)
  region size 2048K, 1 young (2048K), 1 survivors (2048K)
 Metaspace       used 15940K, committed 16128K, reserved 1114112K
  class space    used 1560K, committed 1664K, reserved 1048576K
}
Event: 16.688 GC heap before
{Heap before GC invocations=68 (full 0):
 garbage-first heap   total 1222656K, used 1094662K [0x000000074ac00000, 0x0000000800000000)
  region size 2048K, 233 young (477184K), 1 survivors (2048K)
 Metaspace       used 15940K, committed 16128K, reserved 1114112K
  class space    used 1560K, committed 1664K, reserved 1048576K
}
Event: 16.694 GC heap after
{Heap after GC invocations=69 (full 0):
 garbage-first heap   total 1222656K, used 619524K [0x000000074ac00000, 0x0000000800000000)
  region size 2048K, 1 young (2048K), 1 survivors (2048K)
 Metaspace       used 15940K, committed 16128K, reserved 1114112K
  class space    used 1560K, committed 1664K, reserved 1048576K
}

