# JRE version: OpenJDK Runtime Environment Temurin-17.0.7+7 (17.0.7+7) (build 17.0.7+7)
# Java VM: OpenJDK 64-Bit Server VM Temurin-17.0.7+7 (17.0.7+7, mixed mode, tiered, compressed oops, compressed class ptrs, g1 gc, windows-amd64)
GC Precious Log:
 CPUs: 16 total, 16 available
 Memory: 11597M
 Large Page Support: Disabled
 NUMA Support: Disabled
 Compressed Oops: Enabled (Zero based)
 Heap Region Size: 2M
 Heap Min Capacity: 8M
 Heap Initial Capacity: 182M
 Heap Max Capacity: 2900M
 Pre-touch: Disabled
 Parallel Workers: 13
 Concurrent Workers: 3
 Concurrent Refinement Workers: 13
 Periodic GC: Disabled
Heap:
 garbage-first heap   total 372736K, used 80402K [0x000000074ac00000, 0x0000000800000000)
  region size 2048K, 1 young (2048K), 1 survivors (2048K)
 Metaspace       used 15477K, committed 15680K, reserved 1114112K
  class space    used 1560K, committed 1664K, reserved 1048576K
GC Heap History (19 events):
Event: 1.422 GC heap before
{Heap before GC invocations=0 (full 0):
 garbage-first heap   total 186368K, used 22528K [0x000000074ac00000, 0x0000000800000000)
  region size 2048K, 11 young (22528K), 0 survivors (0K)
 Metaspace       used 15406K, committed 15616K, reserved 1114112K
  class space    used 1560K, committed 1664K, reserved 1048576K
}
Event: 1.426 GC heap after
{Heap after GC invocations=1 (full 0):
 garbage-first heap   total 186368K, used 2638K [0x000000074ac00000, 0x0000000800000000)
  region size 2048K, 2 young (4096K), 2 survivors (4096K)
 Metaspace       used 15406K, committed 15616K, reserved 1114112K
  class space    used 1560K, committed 1664K, reserved 1048576K
}
Event: 1.733 GC heap before
{Heap before GC invocations=1 (full 0):
 garbage-first heap   total 186368K, used 39502K [0x000000074ac00000, 0x0000000800000000)
  region size 2048K, 20 young (40960K), 2 survivors (4096K)
 Metaspace       used 15434K, committed 15616K, reserved 1114112K
  class space    used 1560K, committed 1664K, reserved 1048576K
}
Event: 1.737 GC heap after
{Heap after GC invocations=2 (full 0):
 garbage-first heap   total 186368K, used 3395K [0x000000074ac00000, 0x0000000800000000)
  region size 2048K, 2 young (4096K), 2 survivors (4096K)
 Metaspace       used 15434K, committed 15616K, reserved 1114112K
  class space    used 1560K, committed 1664K, reserved 1048576K
}
Event: 1.891 GC heap before
{Heap before GC invocations=2 (full 0):
 garbage-first heap   total 186368K, used 120131K [0x000000074ac00000, 0x0000000800000000)
  region size 2048K, 54 young (110592K), 2 survivors (4096K)
 Metaspace       used 15444K, committed 15680K, reserved 1114112K
  class space    used 1560K, committed 1664K, reserved 1048576K
}
Event: 1.896 GC heap after
{Heap after GC invocations=3 (full 0):
 garbage-first heap   total 186368K, used 13024K [0x000000074ac00000, 0x0000000800000000)
  region size 2048K, 2 young (4096K), 2 survivors (4096K)
 Metaspace       used 15444K, committed 15680K, reserved 1114112K
  class space    used 1560K, committed 1664K, reserved 1048576K
}
Event: 1.944 GC heap before
{Heap before GC invocations=3 (full 0):
 garbage-first heap   total 186368K, used 125664K [0x000000074ac00000, 0x0000000800000000)
  region size 2048K, 54 young (110592K), 2 survivors (4096K)
 Metaspace       used 15454K, committed 15680K, reserved 1114112K
  class space    used 1560K, committed 1664K, reserved 1048576K
}
Event: 1.951 GC heap after
{Heap after GC invocations=4 (full 0):
 garbage-first heap   total 186368K, used 19130K [0x000000074ac00000, 0x0000000800000000)
  region size 2048K, 2 young (4096K), 2 survivors (4096K)
 Metaspace       used 15454K, committed 15680K, reserved 1114112K
  class space    used 1560K, committed 1664K, reserved 1048576K
}
Event: 2.001 GC heap before
{Heap before GC invocations=4 (full 0):
 garbage-first heap   total 186368K, used 133818K [0x000000074ac00000, 0x0000000800000000)
  region size 2048K, 54 young (110592K), 2 survivors (4096K)
 Metaspace       used 15461K, committed 15680K, reserved 1114112K
  class space    used 1560K, committed 1664K, reserved 1048576K
}
Event: 2.012 GC heap after
{Heap after GC invocations=5 (full 0):
 garbage-first heap   total 186368K, used 27337K [0x000000074ac00000, 0x0000000800000000)
  region size 2048K, 2 young (4096K), 2 survivors (4096K)
 Metaspace       used 15461K, committed 15680K, reserved 1114112K
  class space    used 1560K, committed 1664K, reserved 1048576K
}
Event: 2.064 GC heap before
{Heap before GC invocations=5 (full 0):
 garbage-first heap   total 186368K, used 146121K [0x000000074ac00000, 0x0000000800000000)
  region size 2048K, 54 young (110592K), 2 survivors (4096K)
 Metaspace       used 15462K, committed 15680K, reserved 1114112K
  class space    used 1560K, committed 1664K, reserved 1048576K
}
Event: 2.080 GC heap after
{Heap after GC invocations=6 (full 0):
 garbage-first heap   total 372736K, used 39558K [0x000000074ac00000, 0x0000000800000000)
  region size 2048K, 2 young (4096K), 2 survivors (4096K)
 Metaspace       used 15462K, committed 15680K, reserved 1114112K
  class space    used 1560K, committed 1664K, reserved 1048576K
}
Event: 2.228 GC heap before
{Heap before GC invocations=6 (full 0):
 garbage-first heap   total 372736K, used 275078K [0x000000074ac00000, 0x0000000800000000)
  region size 2048K, 109 young (223232K), 2 survivors (4096K)
 Metaspace       used 15463K, committed 15680K, reserved 1114112K
  class space    used 1560K, committed 1664K, reserved 1048576K
}
Event: 2.250 GC heap after
{Heap after GC invocations=7 (full 0):
 garbage-first heap   total 372736K, used 55991K [0x000000074ac00000, 0x0000000800000000)
  region size 2048K, 2 young (4096K), 2 survivors (4096K)
 Metaspace       used 15463K, committed 15680K, reserved 1114112K
  class space    used 1560K, committed 1664K, reserved 1048576K
}
Event: 2.261 GC heap before
{Heap before GC invocations=7 (full 0):
 garbage-first heap   total 372736K, used 70327K [0x000000074ac00000, 0x0000000800000000)
  region size 2048K, 9 young (18432K), 2 survivors (4096K)
 Metaspace       used 15470K, committed 15680K, reserved 1114112K
  class space    used 1560K, committed 1664K, reserved 1048576K
}
Event: 2.284 GC heap after
{Heap after GC invocations=8 (full 0):
 garbage-first heap   total 372736K, used 56097K [0x000000074ac00000, 0x0000000800000000)
  region size 2048K, 1 young (2048K), 1 survivors (2048K)
 Metaspace       used 15470K, committed 15680K, reserved 1114112K
  class space    used 1560K, committed 1664K, reserved 1048576K
}
Event: 2.387 GC heap before
{Heap before GC invocations=8 (full 0):
 garbage-first heap   total 372736K, used 301857K [0x000000074ac00000, 0x0000000800000000)
  region size 2048K, 109 young (223232K), 1 survivors (2048K)
 Metaspace       used 15477K, committed 15680K, reserved 1114112K
  class space    used 1560K, committed 1664K, reserved 1048576K
}
Event: 2.417 GC heap after
{Heap after GC invocations=9 (full 0):
 garbage-first heap   total 372736K, used 80443K [0x000000074ac00000, 0x0000000800000000)
  region size 2048K, 1 young (2048K), 1 survivors (2048K)
 Metaspace       used 15477K, committed 15680K, reserved 1114112K
  class space    used 1560K, committed 1664K, reserved 1048576K
}
Event: 2.429 GC heap before
{Heap before GC invocations=9 (full 0):
 garbage-first heap   total 372736K, used 96827K [0x000000074ac00000, 0x0000000800000000)
  region size 2048K, 9 young (18432K), 1 survivors (2048K)
 Metaspace       used 15477K, committed 15680K, reserved 1114112K
  class space    used 1560K, committed 1664K, reserved 1048576K
}

