# JRE version: OpenJDK Runtime Environment Temurin-17.0.7+7 (17.0.7+7) (build 17.0.7+7)
# Java VM: OpenJDK 64-Bit Server VM Temurin-17.0.7+7 (17.0.7+7, mixed mode, tiered, compressed oops, compressed class ptrs, g1 gc, windows-amd64)
GC Precious Log:
 CPUs: 16 total, 16 available
 Memory: 11597M
 Large Page Support: Disabled
 NUMA Support: Disabled
 Compressed Oops: Enabled (Zero based)
 Heap Region Size: 2M
 Heap Min Capacity: 8M
 Heap Initial Capacity: 182M
 Heap Max Capacity: 2900M
 Pre-touch: Disabled
 Parallel Workers: 13
 Concurrent Workers: 3
 Concurrent Refinement Workers: 13
 Periodic GC: Disabled
Heap:
 garbage-first heap   total 417792K, used 212163K [0x000000074ac00000, 0x0000000800000000)
  region size 2048K, 76 young (155648K), 1 survivors (2048K)
 Metaspace       used 15404K, committed 15616K, reserved 1114112K
  class space    used 1561K, committed 1664K, reserved 1048576K
GC Heap History (20 events):
Event: 2.494 GC heap before
{Heap before GC invocations=9 (full 0):
 garbage-first heap   total 278528K, used 242865K [0x000000074ac00000, 0x0000000800000000)
  region size 2048K, 80 young (163840K), 1 survivors (2048K)
 Metaspace       used 15367K, committed 15552K, reserved 1114112K
  class space    used 1561K, committed 1664K, reserved 1048576K
}
Event: 2.497 GC heap after
{Heap after GC invocations=10 (full 0):
 garbage-first heap   total 278528K, used 81072K [0x000000074ac00000, 0x0000000800000000)
  region size 2048K, 1 young (2048K), 1 survivors (2048K)
 Metaspace       used 15367K, committed 15552K, reserved 1114112K
  class space    used 1561K, committed 1664K, reserved 1048576K
}
Event: 2.738 GC heap before
{Heap before GC invocations=10 (full 0):
 garbage-first heap   total 315392K, used 281776K [0x000000074ac00000, 0x0000000800000000)
  region size 2048K, 81 young (165888K), 1 survivors (2048K)
 Metaspace       used 15372K, committed 15616K, reserved 1114112K
  class space    used 1561K, committed 1664K, reserved 1048576K
}
Event: 2.740 GC heap after
{Heap after GC invocations=11 (full 0):
 garbage-first heap   total 315392K, used 117937K [0x000000074ac00000, 0x0000000800000000)
  region size 2048K, 1 young (2048K), 1 survivors (2048K)
 Metaspace       used 15372K, committed 15616K, reserved 1114112K
  class space    used 1561K, committed 1664K, reserved 1048576K
}
Event: 2.836 GC heap before
{Heap before GC invocations=11 (full 0):
 garbage-first heap   total 315392K, used 277681K [0x000000074ac00000, 0x0000000800000000)
  region size 2048K, 79 young (161792K), 1 survivors (2048K)
 Metaspace       used 15372K, committed 15616K, reserved 1114112K
  class space    used 1561K, committed 1664K, reserved 1048576K
}
Event: 2.840 GC heap after
{Heap after GC invocations=12 (full 0):
 garbage-first heap   total 315392K, used 117934K [0x000000074ac00000, 0x0000000800000000)
  region size 2048K, 1 young (2048K), 1 survivors (2048K)
 Metaspace       used 15372K, committed 15616K, reserved 1114112K
  class space    used 1561K, committed 1664K, reserved 1048576K
}
Event: 2.936 GC heap before
{Heap before GC invocations=12 (full 0):
 garbage-first heap   total 315392K, used 277678K [0x000000074ac00000, 0x0000000800000000)
  region size 2048K, 79 young (161792K), 1 survivors (2048K)
 Metaspace       used 15387K, committed 15616K, reserved 1114112K
  class space    used 1561K, committed 1664K, reserved 1048576K
}
Event: 2.939 GC heap after
{Heap after GC invocations=13 (full 0):
 garbage-first heap   total 315392K, used 117940K [0x000000074ac00000, 0x0000000800000000)
  region size 2048K, 1 young (2048K), 1 survivors (2048K)
 Metaspace       used 15387K, committed 15616K, reserved 1114112K
  class space    used 1561K, committed 1664K, reserved 1048576K
}
Event: 3.035 GC heap before
{Heap before GC invocations=13 (full 0):
 garbage-first heap   total 315392K, used 277684K [0x000000074ac00000, 0x0000000800000000)
  region size 2048K, 79 young (161792K), 1 survivors (2048K)
 Metaspace       used 15387K, committed 15616K, reserved 1114112K
  class space    used 1561K, committed 1664K, reserved 1048576K
}
Event: 3.039 GC heap after
{Heap after GC invocations=14 (full 0):
 garbage-first heap   total 378880K, used 117935K [0x000000074ac00000, 0x0000000800000000)
  region size 2048K, 1 young (2048K), 1 survivors (2048K)
 Metaspace       used 15387K, committed 15616K, reserved 1114112K
  class space    used 1561K, committed 1664K, reserved 1048576K
}
Event: 3.268 GC heap before
{Heap before GC invocations=14 (full 0):
 garbage-first heap   total 378880K, used 236719K [0x000000074ac00000, 0x0000000800000000)
  region size 2048K, 60 young (122880K), 1 survivors (2048K)
 Metaspace       used 15394K, committed 15616K, reserved 1114112K
  class space    used 1561K, committed 1664K, reserved 1048576K
}
Event: 3.272 GC heap after
{Heap after GC invocations=15 (full 0):
 garbage-first heap   total 378880K, used 117934K [0x000000074ac00000, 0x0000000800000000)
  region size 2048K, 1 young (2048K), 1 survivors (2048K)
 Metaspace       used 15394K, committed 15616K, reserved 1114112K
  class space    used 1561K, committed 1664K, reserved 1048576K
}
Event: 3.427 GC heap before
{Heap before GC invocations=15 (full 0):
 garbage-first heap   total 378880K, used 371886K [0x000000074ac00000, 0x0000000800000000)
  region size 2048K, 99 young (202752K), 1 survivors (2048K)
 Metaspace       used 15399K, committed 15616K, reserved 1114112K
  class space    used 1561K, committed 1664K, reserved 1048576K
}
Event: 3.430 GC heap after
{Heap after GC invocations=16 (full 0):
 garbage-first heap   total 378880K, used 173231K [0x000000074ac00000, 0x0000000800000000)
  region size 2048K, 1 young (2048K), 1 survivors (2048K)
 Metaspace       used 15399K, committed 15616K, reserved 1114112K
  class space    used 1561K, committed 1664K, reserved 1048576K
}
Event: 3.528 GC heap before
{Heap before GC invocations=16 (full 0):
 garbage-first heap   total 378880K, used 335023K [0x000000074ac00000, 0x0000000800000000)
  region size 2048K, 80 young (163840K), 1 survivors (2048K)
 Metaspace       used 15404K, committed 15616K, reserved 1114112K
  class space    used 1561K, committed 1664K, reserved 1048576K
}
Event: 3.531 GC heap after
{Heap after GC invocations=17 (full 0):
 garbage-first heap   total 378880K, used 173239K [0x000000074ac00000, 0x0000000800000000)
  region size 2048K, 1 young (2048K), 1 survivors (2048K)
 Metaspace       used 15404K, committed 15616K, reserved 1114112K
  class space    used 1561K, committed 1664K, reserved 1048576K
}
Event: 3.646 GC heap before
{Heap before GC invocations=18 (full 0):
 garbage-first heap   total 378880K, used 220343K [0x000000074ac00000, 0x0000000800000000)
  region size 2048K, 80 young (163840K), 1 survivors (2048K)
 Metaspace       used 15404K, committed 15616K, reserved 1114112K
  class space    used 1561K, committed 1664K, reserved 1048576K
}
Event: 3.649 GC heap after
{Heap after GC invocations=19 (full 0):
 garbage-first heap   total 378880K, used 58560K [0x000000074ac00000, 0x0000000800000000)
  region size 2048K, 1 young (2048K), 1 survivors (2048K)
 Metaspace       used 15404K, committed 15616K, reserved 1114112K
  class space    used 1561K, committed 1664K, reserved 1048576K
}
Event: 3.802 GC heap before
{Heap before GC invocations=19 (full 0):
 garbage-first heap   total 378880K, used 283840K [0x000000074ac00000, 0x0000000800000000)
  region size 2048K, 111 young (227328K), 1 survivors (2048K)
 Metaspace       used 15404K, committed 15616K, reserved 1114112K
  class space    used 1561K, committed 1664K, reserved 1048576K
}
Event: 3.808 GC heap after
{Heap after GC invocations=20 (full 0):
 garbage-first heap   total 378880K, used 58563K [0x000000074ac00000, 0x0000000800000000)
  region size 2048K, 1 young (2048K), 1 survivors (2048K)
 Metaspace       used 15404K, committed 15616K, reserved 1114112K
  class space    used 1561K, committed 1664K, reserved 1048576K
}

