# JRE version: OpenJDK Runtime Environment Temurin-17.0.7+7 (17.0.7+7) (build 17.0.7+7)
# Java VM: OpenJDK 64-Bit Server VM Temurin-17.0.7+7 (17.0.7+7, mixed mode, tiered, compressed oops, compressed class ptrs, g1 gc, windows-amd64)
GC Precious Log:
 CPUs: 16 total, 16 available
 Memory: 11597M
 Large Page Support: Disabled
 NUMA Support: Disabled
 Compressed Oops: Enabled (Zero based)
 Heap Region Size: 2M
 Heap Min Capacity: 8M
 Heap Initial Capacity: 182M
 Heap Max Capacity: 2900M
 Pre-touch: Disabled
 Parallel Workers: 13
 Concurrent Workers: 3
 Concurrent Refinement Workers: 13
 Periodic GC: Disabled
Heap:
 garbage-first heap   total 186368K, used 29222K [0x000000074ac00000, 0x0000000800000000)
  region size 2048K, 16 young (32768K), 2 survivors (4096K)
 Metaspace       used 15893K, committed 16128K, reserved 1114112K
  class space    used 1561K, committed 1664K, reserved 1048576K
GC Heap History (6 events):
Event: 1.807 GC heap before
{Heap before GC invocations=0 (full 0):
 garbage-first heap   total 186368K, used 22528K [0x000000074ac00000, 0x0000000800000000)
  region size 2048K, 11 young (22528K), 0 survivors (0K)
 Metaspace       used 15467K, committed 15680K, reserved 1114112K
  class space    used 1561K, committed 1664K, reserved 1048576K
}
Event: 1.812 GC heap after
{Heap after GC invocations=1 (full 0):
 garbage-first heap   total 186368K, used 2713K [0x000000074ac00000, 0x0000000800000000)
  region size 2048K, 2 young (4096K), 2 survivors (4096K)
 Metaspace       used 15467K, committed 15680K, reserved 1114112K
  class space    used 1561K, committed 1664K, reserved 1048576K
}
Event: 3.776 GC heap before
{Heap before GC invocations=1 (full 0):
 garbage-first heap   total 186368K, used 35481K [0x000000074ac00000, 0x0000000800000000)
  region size 2048K, 18 young (36864K), 2 survivors (4096K)
 Metaspace       used 15615K, committed 15808K, reserved 1114112K
  class space    used 1561K, committed 1664K, reserved 1048576K
}
Event: 3.789 GC heap after
{Heap after GC invocations=2 (full 0):
 garbage-first heap   total 186368K, used 2667K [0x000000074ac00000, 0x0000000800000000)
  region size 2048K, 2 young (4096K), 2 survivors (4096K)
 Metaspace       used 15615K, committed 15808K, reserved 1114112K
  class space    used 1561K, committed 1664K, reserved 1048576K
}
Event: 11.667 GC heap before
{Heap before GC invocations=2 (full 0):
 garbage-first heap   total 186368K, used 109163K [0x000000074ac00000, 0x0000000800000000)
  region size 2048K, 54 young (110592K), 2 survivors (4096K)
 Metaspace       used 15889K, committed 16128K, reserved 1114112K
  class space    used 1561K, committed 1664K, reserved 1048576K
}
Event: 11.672 GC heap after
{Heap after GC invocations=3 (full 0):
 garbage-first heap   total 186368K, used 2598K [0x000000074ac00000, 0x0000000800000000)
  region size 2048K, 2 young (4096K), 2 survivors (4096K)
 Metaspace       used 15889K, committed 16128K, reserved 1114112K
  class space    used 1561K, committed 1664K, reserved 1048576K
}

